<testsuites id="" name="" tests="42" failures="32" skipped="0" errors="0" time="8450.499575000002">
<testsuite name="complete-auth-flow.spec.ts" timestamp="2026-03-06T01:12:39.003Z" hostname="chromium" tests="3" failures="3" skipped="0" time="1389.108" errors="0">
<testcase name="Complete Magic Link Authentication Flow › complete new user journey: email → magic link → onboarding → dashboard" classname="complete-auth-flow.spec.ts" time="734.315">
<failure message="complete-auth-flow.spec.ts:12:3 complete new user journey: email → magic link → onboarding → dashboard" type="FAILURE">
<![CDATA[  [chromium] › complete-auth-flow.spec.ts:12:3 › Complete Magic Link Authentication Flow › complete new user journey: email → magic link → onboarding → dashboard 

    Test timeout of 120000ms exceeded.

    Error: expect(locator).toBeVisible() failed

    Locator: locator('input[type="email"], input[placeholder*="email"], input[name="email"]').first()
    Expected: visible
    Timeout: 5000ms
    Error: element(s) not found

    Call log:
      - Expect "toBeVisible" with timeout 5000ms
      - waiting for locator('input[type="email"], input[placeholder*="email"], input[name="email"]').first()


      43 |     // Step 2: Enter email and request magic link
      44 |     const emailInput = page.locator('input[type="email"], input[placeholder*="email"], input[name="email"]').first();
    > 45 |     await expect(emailInput).toBeVisible({ timeout: 5000 });
         |                              ^
      46 |     await emailInput.fill(TEST_EMAIL);
      47 |     
      48 |     const submitBtn = page.locator('button[type="submit"], button:has-text("Continue")').first();
        at C:\Users\Administrator\Desktop\main jobhuntin\jobhuntin-e2e-tests\src\tests\complete-auth-flow.spec.ts:45:30

    Tearing down "context" exceeded the test timeout of 120000ms.

    Error Context: ..\..\test-results\complete-auth-flow-Complet-e0c26-nk-→-onboarding-→-dashboard-chromium\error-context.md

    attachment #2: trace (application/zip) ─────────────────────────────────────────────────────────
    ..\..\test-results\complete-auth-flow-Complet-e0c26-nk-→-onboarding-→-dashboard-chromium\trace.zip
    Usage:

        npx playwright show-trace ..\..\test-results\complete-auth-flow-Complet-e0c26-nk-→-onboarding-→-dashboard-chromium\trace.zip

    ────────────────────────────────────────────────────────────────────────────────────────────────

    Retry #1 ───────────────────────────────────────────────────────────────────────────────────────

    Test timeout of 120000ms exceeded.

    Error: expect(locator).toBeVisible() failed

    Locator: locator('input[type="email"], input[placeholder*="email"], input[name="email"]').first()
    Expected: visible
    Timeout: 5000ms
    Error: element(s) not found

    Call log:
      - Expect "toBeVisible" with timeout 5000ms
      - waiting for locator('input[type="email"], input[placeholder*="email"], input[name="email"]').first()


      43 |     // Step 2: Enter email and request magic link
      44 |     const emailInput = page.locator('input[type="email"], input[placeholder*="email"], input[name="email"]').first();
    > 45 |     await expect(emailInput).toBeVisible({ timeout: 5000 });
         |                              ^
      46 |     await emailInput.fill(TEST_EMAIL);
      47 |     
      48 |     const submitBtn = page.locator('button[type="submit"], button:has-text("Continue")').first();
        at C:\Users\Administrator\Desktop\main jobhuntin\jobhuntin-e2e-tests\src\tests\complete-auth-flow.spec.ts:45:30

    Tearing down "context" exceeded the test timeout of 120000ms.

    Error Context: ..\..\test-results\complete-auth-flow-Complet-e0c26-nk-→-onboarding-→-dashboard-chromium-retry1\error-context.md

    attachment #2: trace (application/zip) ─────────────────────────────────────────────────────────
    ..\..\test-results\complete-auth-flow-Complet-e0c26-nk-→-onboarding-→-dashboard-chromium-retry1\trace.zip
    Usage:

        npx playwright show-trace ..\..\test-results\complete-auth-flow-Complet-e0c26-nk-→-onboarding-→-dashboard-chromium-retry1\trace.zip

    ────────────────────────────────────────────────────────────────────────────────────────────────

    Retry #2 ───────────────────────────────────────────────────────────────────────────────────────

    Test timeout of 120000ms exceeded.

    Error: expect(locator).toBeVisible() failed

    Locator: locator('input[type="email"], input[placeholder*="email"], input[name="email"]').first()
    Expected: visible
    Timeout: 5000ms
    Error: element(s) not found

    Call log:
      - Expect "toBeVisible" with timeout 5000ms
      - waiting for locator('input[type="email"], input[placeholder*="email"], input[name="email"]').first()


      43 |     // Step 2: Enter email and request magic link
      44 |     const emailInput = page.locator('input[type="email"], input[placeholder*="email"], input[name="email"]').first();
    > 45 |     await expect(emailInput).toBeVisible({ timeout: 5000 });
         |                              ^
      46 |     await emailInput.fill(TEST_EMAIL);
      47 |     
      48 |     const submitBtn = page.locator('button[type="submit"], button:has-text("Continue")').first();
        at C:\Users\Administrator\Desktop\main jobhuntin\jobhuntin-e2e-tests\src\tests\complete-auth-flow.spec.ts:45:30

    Tearing down "context" exceeded the test timeout of 120000ms.

    Error Context: ..\..\test-results\complete-auth-flow-Complet-e0c26-nk-→-onboarding-→-dashboard-chromium-retry2\error-context.md

    attachment #2: trace (application/zip) ─────────────────────────────────────────────────────────
    ..\..\test-results\complete-auth-flow-Complet-e0c26-nk-→-onboarding-→-dashboard-chromium-retry2\trace.zip
    Usage:

        npx playwright show-trace ..\..\test-results\complete-auth-flow-Complet-e0c26-nk-→-onboarding-→-dashboard-chromium-retry2\trace.zip

    ────────────────────────────────────────────────────────────────────────────────────────────────
]]>
</failure>
<system-out>
<![CDATA[Setting up authentication tests...
🚀 Starting complete user journey test...

[[ATTACHMENT|..\test-results\complete-auth-flow-Complet-e0c26-nk-→-onboarding-→-dashboard-chromium\error-context.md]]

[[ATTACHMENT|..\test-results\complete-auth-flow-Complet-e0c26-nk-→-onboarding-→-dashboard-chromium\trace.zip]]
Setting up authentication tests...
🚀 Starting complete user journey test...

[[ATTACHMENT|..\test-results\complete-auth-flow-Complet-e0c26-nk-→-onboarding-→-dashboard-chromium-retry1\error-context.md]]

[[ATTACHMENT|..\test-results\complete-auth-flow-Complet-e0c26-nk-→-onboarding-→-dashboard-chromium-retry1\trace.zip]]
Setting up authentication tests...
🚀 Starting complete user journey test...

[[ATTACHMENT|..\test-results\complete-auth-flow-Complet-e0c26-nk-→-onboarding-→-dashboard-chromium-retry2\error-context.md]]

[[ATTACHMENT|..\test-results\complete-auth-flow-Complet-e0c26-nk-→-onboarding-→-dashboard-chromium-retry2\trace.zip]]
]]>
</system-out>
</testcase>
<testcase name="Complete Magic Link Authentication Flow › error handling: invalid email and network issues" classname="complete-auth-flow.spec.ts" time="159.92">
<failure message="complete-auth-flow.spec.ts:129:3 error handling: invalid email and network issues" type="FAILURE">
<![CDATA[  [chromium] › complete-auth-flow.spec.ts:129:3 › Complete Magic Link Authentication Flow › error handling: invalid email and network issues 

    TimeoutError: locator.fill: Timeout 20000ms exceeded.
    Call log:
      - waiting for locator('input[type="email"], input[placeholder*="email"], input[name="email"]').first()


      133 |     await page.goto(`${BASE_URL}/login`);
      134 |     const emailInput = page.locator('input[type="email"], input[placeholder*="email"], input[name="email"]').first();
    > 135 |     await emailInput.fill('invalid-email-format');
          |                      ^
      136 |     
      137 |     const submitBtn = page.locator('button[type="submit"], button:has-text("Continue")').first();
      138 |     await submitBtn.click();
        at C:\Users\Administrator\Desktop\main jobhuntin\jobhuntin-e2e-tests\src\tests\complete-auth-flow.spec.ts:135:22

    attachment #1: screenshot (image/png) ──────────────────────────────────────────────────────────
    ..\..\test-results\complete-auth-flow-Complet-e34d1-id-email-and-network-issues-chromium\test-failed-1.png
    ────────────────────────────────────────────────────────────────────────────────────────────────

    attachment #2: video (video/webm) ──────────────────────────────────────────────────────────────
    ..\..\test-results\complete-auth-flow-Complet-e34d1-id-email-and-network-issues-chromium\video.webm
    ────────────────────────────────────────────────────────────────────────────────────────────────

    Error Context: ..\..\test-results\complete-auth-flow-Complet-e34d1-id-email-and-network-issues-chromium\error-context.md

    attachment #4: trace (application/zip) ─────────────────────────────────────────────────────────
    ..\..\test-results\complete-auth-flow-Complet-e34d1-id-email-and-network-issues-chromium\trace.zip
    Usage:

        npx playwright show-trace ..\..\test-results\complete-auth-flow-Complet-e34d1-id-email-and-network-issues-chromium\trace.zip

    ────────────────────────────────────────────────────────────────────────────────────────────────

    Retry #1 ───────────────────────────────────────────────────────────────────────────────────────

    TimeoutError: locator.fill: Timeout 20000ms exceeded.
    Call log:
      - waiting for locator('input[type="email"], input[placeholder*="email"], input[name="email"]').first()


      133 |     await page.goto(`${BASE_URL}/login`);
      134 |     const emailInput = page.locator('input[type="email"], input[placeholder*="email"], input[name="email"]').first();
    > 135 |     await emailInput.fill('invalid-email-format');
          |                      ^
      136 |     
      137 |     const submitBtn = page.locator('button[type="submit"], button:has-text("Continue")').first();
      138 |     await submitBtn.click();
        at C:\Users\Administrator\Desktop\main jobhuntin\jobhuntin-e2e-tests\src\tests\complete-auth-flow.spec.ts:135:22

    attachment #1: screenshot (image/png) ──────────────────────────────────────────────────────────
    ..\..\test-results\complete-auth-flow-Complet-e34d1-id-email-and-network-issues-chromium-retry1\test-failed-1.png
    ────────────────────────────────────────────────────────────────────────────────────────────────

    attachment #2: video (video/webm) ──────────────────────────────────────────────────────────────
    ..\..\test-results\complete-auth-flow-Complet-e34d1-id-email-and-network-issues-chromium-retry1\video.webm
    ────────────────────────────────────────────────────────────────────────────────────────────────

    Error Context: ..\..\test-results\complete-auth-flow-Complet-e34d1-id-email-and-network-issues-chromium-retry1\error-context.md

    attachment #4: trace (application/zip) ─────────────────────────────────────────────────────────
    ..\..\test-results\complete-auth-flow-Complet-e34d1-id-email-and-network-issues-chromium-retry1\trace.zip
    Usage:

        npx playwright show-trace ..\..\test-results\complete-auth-flow-Complet-e34d1-id-email-and-network-issues-chromium-retry1\trace.zip

    ────────────────────────────────────────────────────────────────────────────────────────────────

    Retry #2 ───────────────────────────────────────────────────────────────────────────────────────

    TimeoutError: locator.fill: Timeout 20000ms exceeded.
    Call log:
      - waiting for locator('input[type="email"], input[placeholder*="email"], input[name="email"]').first()


      133 |     await page.goto(`${BASE_URL}/login`);
      134 |     const emailInput = page.locator('input[type="email"], input[placeholder*="email"], input[name="email"]').first();
    > 135 |     await emailInput.fill('invalid-email-format');
          |                      ^
      136 |     
      137 |     const submitBtn = page.locator('button[type="submit"], button:has-text("Continue")').first();
      138 |     await submitBtn.click();
        at C:\Users\Administrator\Desktop\main jobhuntin\jobhuntin-e2e-tests\src\tests\complete-auth-flow.spec.ts:135:22

    attachment #1: screenshot (image/png) ──────────────────────────────────────────────────────────
    ..\..\test-results\complete-auth-flow-Complet-e34d1-id-email-and-network-issues-chromium-retry2\test-failed-1.png
    ────────────────────────────────────────────────────────────────────────────────────────────────

    attachment #2: video (video/webm) ──────────────────────────────────────────────────────────────
    ..\..\test-results\complete-auth-flow-Complet-e34d1-id-email-and-network-issues-chromium-retry2\video.webm
    ────────────────────────────────────────────────────────────────────────────────────────────────

    Error Context: ..\..\test-results\complete-auth-flow-Complet-e34d1-id-email-and-network-issues-chromium-retry2\error-context.md

    attachment #4: trace (application/zip) ─────────────────────────────────────────────────────────
    ..\..\test-results\complete-auth-flow-Complet-e34d1-id-email-and-network-issues-chromium-retry2\trace.zip
    Usage:

        npx playwright show-trace ..\..\test-results\complete-auth-flow-Complet-e34d1-id-email-and-network-issues-chromium-retry2\trace.zip

    ────────────────────────────────────────────────────────────────────────────────────────────────
]]>
</failure>
<system-out>
<![CDATA[Setting up authentication tests...
🧪 Testing error handling scenarios...

[[ATTACHMENT|..\test-results\complete-auth-flow-Complet-e34d1-id-email-and-network-issues-chromium\test-failed-1.png]]

[[ATTACHMENT|..\test-results\complete-auth-flow-Complet-e34d1-id-email-and-network-issues-chromium\video.webm]]

[[ATTACHMENT|..\test-results\complete-auth-flow-Complet-e34d1-id-email-and-network-issues-chromium\error-context.md]]

[[ATTACHMENT|..\test-results\complete-auth-flow-Complet-e34d1-id-email-and-network-issues-chromium\trace.zip]]
Setting up authentication tests...
🧪 Testing error handling scenarios...

[[ATTACHMENT|..\test-results\complete-auth-flow-Complet-e34d1-id-email-and-network-issues-chromium-retry1\test-failed-1.png]]

[[ATTACHMENT|..\test-results\complete-auth-flow-Complet-e34d1-id-email-and-network-issues-chromium-retry1\video.webm]]

[[ATTACHMENT|..\test-results\complete-auth-flow-Complet-e34d1-id-email-and-network-issues-chromium-retry1\error-context.md]]

[[ATTACHMENT|..\test-results\complete-auth-flow-Complet-e34d1-id-email-and-network-issues-chromium-retry1\trace.zip]]
Setting up authentication tests...
🧪 Testing error handling scenarios...

[[ATTACHMENT|..\test-results\complete-auth-flow-Complet-e34d1-id-email-and-network-issues-chromium-retry2\test-failed-1.png]]

[[ATTACHMENT|..\test-results\complete-auth-flow-Complet-e34d1-id-email-and-network-issues-chromium-retry2\video.webm]]

[[ATTACHMENT|..\test-results\complete-auth-flow-Complet-e34d1-id-email-and-network-issues-chromium-retry2\error-context.md]]

[[ATTACHMENT|..\test-results\complete-auth-flow-Complet-e34d1-id-email-and-network-issues-chromium-retry2\trace.zip]]
]]>
</system-out>
</testcase>
<testcase name="Complete Magic Link Authentication Flow › rate limiting behavior" classname="complete-auth-flow.spec.ts" time="494.873">
<failure message="complete-auth-flow.spec.ts:155:3 rate limiting behavior" type="FAILURE">
<![CDATA[  [chromium] › complete-auth-flow.spec.ts:155:3 › Complete Magic Link Authentication Flow › rate limiting behavior 

    TimeoutError: locator.fill: Timeout 20000ms exceeded.
    Call log:
      - waiting for locator('input[type="email"], input[placeholder*="email"], input[name="email"]').first()


      161 |     // Try multiple rapid requests
      162 |     for (let i = 0; i < 5; i++) {
    > 163 |       await emailInput.fill(`test-${i}@jobhuntin.com`);
          |                        ^
      164 |       const submitBtn = page.locator('button[type="submit"], button:has-text("Continue")').first();
      165 |       await submitBtn.click();
      166 |       await page.waitForTimeout(1000);
        at C:\Users\Administrator\Desktop\main jobhuntin\jobhuntin-e2e-tests\src\tests\complete-auth-flow.spec.ts:163:24

    Tearing down "context" exceeded the test timeout of 120000ms.

    Error: apiRequestContext._wrapApiCall: Test ended.

    Error Context: ..\..\test-results\complete-auth-flow-Complet-957ac-Flow-rate-limiting-behavior-chromium\error-context.md

    attachment #2: trace (application/zip) ─────────────────────────────────────────────────────────
    ..\..\test-results\complete-auth-flow-Complet-957ac-Flow-rate-limiting-behavior-chromium\trace.zip
    Usage:

        npx playwright show-trace ..\..\test-results\complete-auth-flow-Complet-957ac-Flow-rate-limiting-behavior-chromium\trace.zip

    ────────────────────────────────────────────────────────────────────────────────────────────────

    Retry #1 ───────────────────────────────────────────────────────────────────────────────────────

    TimeoutError: locator.fill: Timeout 20000ms exceeded.
    Call log:
      - waiting for locator('input[type="email"], input[placeholder*="email"], input[name="email"]').first()


      161 |     // Try multiple rapid requests
      162 |     for (let i = 0; i < 5; i++) {
    > 163 |       await emailInput.fill(`test-${i}@jobhuntin.com`);
          |                        ^
      164 |       const submitBtn = page.locator('button[type="submit"], button:has-text("Continue")').first();
      165 |       await submitBtn.click();
      166 |       await page.waitForTimeout(1000);
        at C:\Users\Administrator\Desktop\main jobhuntin\jobhuntin-e2e-tests\src\tests\complete-auth-flow.spec.ts:163:24

    Tearing down "context" exceeded the test timeout of 120000ms.

    attachment #1: screenshot (image/png) ──────────────────────────────────────────────────────────
    ..\..\test-results\complete-auth-flow-Complet-957ac-Flow-rate-limiting-behavior-chromium-retry1\test-failed-1.png
    ────────────────────────────────────────────────────────────────────────────────────────────────

    Error Context: ..\..\test-results\complete-auth-flow-Complet-957ac-Flow-rate-limiting-behavior-chromium-retry1\error-context.md

    attachment #3: trace (application/zip) ─────────────────────────────────────────────────────────
    ..\..\test-results\complete-auth-flow-Complet-957ac-Flow-rate-limiting-behavior-chromium-retry1\trace.zip
    Usage:

        npx playwright show-trace ..\..\test-results\complete-auth-flow-Complet-957ac-Flow-rate-limiting-behavior-chromium-retry1\trace.zip

    ────────────────────────────────────────────────────────────────────────────────────────────────

    Retry #2 ───────────────────────────────────────────────────────────────────────────────────────

    TimeoutError: locator.fill: Timeout 20000ms exceeded.
    Call log:
      - waiting for locator('input[type="email"], input[placeholder*="email"], input[name="email"]').first()


      161 |     // Try multiple rapid requests
      162 |     for (let i = 0; i < 5; i++) {
    > 163 |       await emailInput.fill(`test-${i}@jobhuntin.com`);
          |                        ^
      164 |       const submitBtn = page.locator('button[type="submit"], button:has-text("Continue")').first();
      165 |       await submitBtn.click();
      166 |       await page.waitForTimeout(1000);
        at C:\Users\Administrator\Desktop\main jobhuntin\jobhuntin-e2e-tests\src\tests\complete-auth-flow.spec.ts:163:24

    Tearing down "context" exceeded the test timeout of 120000ms.

    Test timeout of 120000ms exceeded.

    attachment #1: screenshot (image/png) ──────────────────────────────────────────────────────────
    ..\..\test-results\complete-auth-flow-Complet-957ac-Flow-rate-limiting-behavior-chromium-retry2\test-failed-1.png
    ────────────────────────────────────────────────────────────────────────────────────────────────

    Error Context: ..\..\test-results\complete-auth-flow-Complet-957ac-Flow-rate-limiting-behavior-chromium-retry2\error-context.md
]]>
</failure>
<system-out>
<![CDATA[Setting up authentication tests...
⏱️ Testing rate limiting behavior...

[[ATTACHMENT|..\test-results\complete-auth-flow-Complet-957ac-Flow-rate-limiting-behavior-chromium\error-context.md]]

[[ATTACHMENT|..\test-results\complete-auth-flow-Complet-957ac-Flow-rate-limiting-behavior-chromium\trace.zip]]
Setting up authentication tests...
⏱️ Testing rate limiting behavior...

[[ATTACHMENT|..\test-results\complete-auth-flow-Complet-957ac-Flow-rate-limiting-behavior-chromium-retry1\test-failed-1.png]]

[[ATTACHMENT|..\test-results\complete-auth-flow-Complet-957ac-Flow-rate-limiting-behavior-chromium-retry1\error-context.md]]

[[ATTACHMENT|..\test-results\complete-auth-flow-Complet-957ac-Flow-rate-limiting-behavior-chromium-retry1\trace.zip]]
Setting up authentication tests...
⏱️ Testing rate limiting behavior...

[[ATTACHMENT|..\test-results\complete-auth-flow-Complet-957ac-Flow-rate-limiting-behavior-chromium-retry2\test-failed-1.png]]

[[ATTACHMENT|..\test-results\complete-auth-flow-Complet-957ac-Flow-rate-limiting-behavior-chromium-retry2\error-context.md]]
]]>
</system-out>
</testcase>
</testsuite>
<testsuite name="complete-onboarding.spec.ts" timestamp="2026-03-06T01:12:39.003Z" hostname="firefox" tests="5" failures="5" skipped="0" time="980.028" errors="0">
<testcase name="Complete Onboarding Experience › complete onboarding flow: profile setup → preferences → dashboard" classname="complete-onboarding.spec.ts" time="187.396">
<failure message="complete-onboarding.spec.ts:18:3 complete onboarding flow: profile setup → preferences → dashboard" type="FAILURE">
<![CDATA[  [firefox] › complete-onboarding.spec.ts:18:3 › Complete Onboarding Experience › complete onboarding flow: profile setup → preferences → dashboard 

    Error: page.evaluate: TEST_EMAIL is not defined
    @debugger eval code line 290 > eval:3:42
    evaluate@debugger eval code:292:16
    @debugger eval code:1:44

        at @debugger eval code line 290 > eval:3:42
        at evaluate@debugger eval code:292:16
        at @debugger eval code:1:44
        at C:\Users\Administrator\Desktop\main jobhuntin\jobhuntin-e2e-tests\src\tests\complete-onboarding.spec.ts:11:16

    attachment #1: screenshot (image/png) ──────────────────────────────────────────────────────────
    ..\..\test-results\complete-onboarding-Comple-44292-p-→-preferences-→-dashboard-firefox\test-failed-1.png
    ────────────────────────────────────────────────────────────────────────────────────────────────

    attachment #2: video (video/webm) ──────────────────────────────────────────────────────────────
    ..\..\test-results\complete-onboarding-Comple-44292-p-→-preferences-→-dashboard-firefox\video.webm
    ────────────────────────────────────────────────────────────────────────────────────────────────

    Error Context: ..\..\test-results\complete-onboarding-Comple-44292-p-→-preferences-→-dashboard-firefox\error-context.md

    attachment #4: trace (application/zip) ─────────────────────────────────────────────────────────
    ..\..\test-results\complete-onboarding-Comple-44292-p-→-preferences-→-dashboard-firefox\trace.zip
    Usage:

        npx playwright show-trace ..\..\test-results\complete-onboarding-Comple-44292-p-→-preferences-→-dashboard-firefox\trace.zip

    ────────────────────────────────────────────────────────────────────────────────────────────────

    Retry #1 ───────────────────────────────────────────────────────────────────────────────────────

    Error: page.evaluate: TEST_EMAIL is not defined
    @debugger eval code line 290 > eval:3:42
    evaluate@debugger eval code:292:16
    @debugger eval code:1:44

        at @debugger eval code line 290 > eval:3:42
        at evaluate@debugger eval code:292:16
        at @debugger eval code:1:44
        at C:\Users\Administrator\Desktop\main jobhuntin\jobhuntin-e2e-tests\src\tests\complete-onboarding.spec.ts:11:16

    attachment #1: screenshot (image/png) ──────────────────────────────────────────────────────────
    ..\..\test-results\complete-onboarding-Comple-44292-p-→-preferences-→-dashboard-firefox-retry1\test-failed-1.png
    ────────────────────────────────────────────────────────────────────────────────────────────────

    attachment #2: video (video/webm) ──────────────────────────────────────────────────────────────
    ..\..\test-results\complete-onboarding-Comple-44292-p-→-preferences-→-dashboard-firefox-retry1\video.webm
    ────────────────────────────────────────────────────────────────────────────────────────────────

    Error Context: ..\..\test-results\complete-onboarding-Comple-44292-p-→-preferences-→-dashboard-firefox-retry1\error-context.md

    attachment #4: trace (application/zip) ─────────────────────────────────────────────────────────
    ..\..\test-results\complete-onboarding-Comple-44292-p-→-preferences-→-dashboard-firefox-retry1\trace.zip
    Usage:

        npx playwright show-trace ..\..\test-results\complete-onboarding-Comple-44292-p-→-preferences-→-dashboard-firefox-retry1\trace.zip

    ────────────────────────────────────────────────────────────────────────────────────────────────

    Retry #2 ───────────────────────────────────────────────────────────────────────────────────────

    Error: page.evaluate: TEST_EMAIL is not defined
    @debugger eval code line 290 > eval:3:42
    evaluate@debugger eval code:292:16
    @debugger eval code:1:44

        at @debugger eval code line 290 > eval:3:42
        at evaluate@debugger eval code:292:16
        at @debugger eval code:1:44
        at C:\Users\Administrator\Desktop\main jobhuntin\jobhuntin-e2e-tests\src\tests\complete-onboarding.spec.ts:11:16

    attachment #1: screenshot (image/png) ──────────────────────────────────────────────────────────
    ..\..\test-results\complete-onboarding-Comple-44292-p-→-preferences-→-dashboard-firefox-retry2\test-failed-1.png
    ────────────────────────────────────────────────────────────────────────────────────────────────

    attachment #2: video (video/webm) ──────────────────────────────────────────────────────────────
    ..\..\test-results\complete-onboarding-Comple-44292-p-→-preferences-→-dashboard-firefox-retry2\video.webm
    ────────────────────────────────────────────────────────────────────────────────────────────────

    Error Context: ..\..\test-results\complete-onboarding-Comple-44292-p-→-preferences-→-dashboard-firefox-retry2\error-context.md

    attachment #4: trace (application/zip) ─────────────────────────────────────────────────────────
    ..\..\test-results\complete-onboarding-Comple-44292-p-→-preferences-→-dashboard-firefox-retry2\trace.zip
    Usage:

        npx playwright show-trace ..\..\test-results\complete-onboarding-Comple-44292-p-→-preferences-→-dashboard-firefox-retry2\trace.zip

    ────────────────────────────────────────────────────────────────────────────────────────────────
]]>
</failure>
<system-out>
<![CDATA[
[[ATTACHMENT|..\test-results\complete-onboarding-Comple-44292-p-→-preferences-→-dashboard-firefox\test-failed-1.png]]

[[ATTACHMENT|..\test-results\complete-onboarding-Comple-44292-p-→-preferences-→-dashboard-firefox\video.webm]]

[[ATTACHMENT|..\test-results\complete-onboarding-Comple-44292-p-→-preferences-→-dashboard-firefox\error-context.md]]

[[ATTACHMENT|..\test-results\complete-onboarding-Comple-44292-p-→-preferences-→-dashboard-firefox\trace.zip]]

[[ATTACHMENT|..\test-results\complete-onboarding-Comple-44292-p-→-preferences-→-dashboard-firefox-retry1\test-failed-1.png]]

[[ATTACHMENT|..\test-results\complete-onboarding-Comple-44292-p-→-preferences-→-dashboard-firefox-retry1\video.webm]]

[[ATTACHMENT|..\test-results\complete-onboarding-Comple-44292-p-→-preferences-→-dashboard-firefox-retry1\error-context.md]]

[[ATTACHMENT|..\test-results\complete-onboarding-Comple-44292-p-→-preferences-→-dashboard-firefox-retry1\trace.zip]]

[[ATTACHMENT|..\test-results\complete-onboarding-Comple-44292-p-→-preferences-→-dashboard-firefox-retry2\test-failed-1.png]]

[[ATTACHMENT|..\test-results\complete-onboarding-Comple-44292-p-→-preferences-→-dashboard-firefox-retry2\video.webm]]

[[ATTACHMENT|..\test-results\complete-onboarding-Comple-44292-p-→-preferences-→-dashboard-firefox-retry2\error-context.md]]

[[ATTACHMENT|..\test-results\complete-onboarding-Comple-44292-p-→-preferences-→-dashboard-firefox-retry2\trace.zip]]
]]>
</system-out>
</testcase>
<testcase name="Complete Onboarding Experience › resume upload and processing" classname="complete-onboarding.spec.ts" time="206.861">
<failure message="complete-onboarding.spec.ts:42:3 resume upload and processing" type="FAILURE">
<![CDATA[  [firefox] › complete-onboarding.spec.ts:42:3 › Complete Onboarding Experience › resume upload and processing 

    Error: page.evaluate: TEST_EMAIL is not defined
    @debugger eval code line 290 > eval:3:42
    evaluate@debugger eval code:292:16
    @debugger eval code:1:44

        at @debugger eval code line 290 > eval:3:42
        at evaluate@debugger eval code:292:16
        at @debugger eval code:1:44
        at C:\Users\Administrator\Desktop\main jobhuntin\jobhuntin-e2e-tests\src\tests\complete-onboarding.spec.ts:11:16

    attachment #1: screenshot (image/png) ──────────────────────────────────────────────────────────
    ..\..\test-results\complete-onboarding-Comple-e616e-esume-upload-and-processing-firefox\test-failed-1.png
    ────────────────────────────────────────────────────────────────────────────────────────────────

    attachment #2: video (video/webm) ──────────────────────────────────────────────────────────────
    ..\..\test-results\complete-onboarding-Comple-e616e-esume-upload-and-processing-firefox\video.webm
    ────────────────────────────────────────────────────────────────────────────────────────────────

    Error Context: ..\..\test-results\complete-onboarding-Comple-e616e-esume-upload-and-processing-firefox\error-context.md

    attachment #4: trace (application/zip) ─────────────────────────────────────────────────────────
    ..\..\test-results\complete-onboarding-Comple-e616e-esume-upload-and-processing-firefox\trace.zip
    Usage:

        npx playwright show-trace ..\..\test-results\complete-onboarding-Comple-e616e-esume-upload-and-processing-firefox\trace.zip

    ────────────────────────────────────────────────────────────────────────────────────────────────

    Retry #1 ───────────────────────────────────────────────────────────────────────────────────────

    Error: page.evaluate: TEST_EMAIL is not defined
    @debugger eval code line 290 > eval:3:42
    evaluate@debugger eval code:292:16
    @debugger eval code:1:44

        at @debugger eval code line 290 > eval:3:42
        at evaluate@debugger eval code:292:16
        at @debugger eval code:1:44
        at C:\Users\Administrator\Desktop\main jobhuntin\jobhuntin-e2e-tests\src\tests\complete-onboarding.spec.ts:11:16

    attachment #1: screenshot (image/png) ──────────────────────────────────────────────────────────
    ..\..\test-results\complete-onboarding-Comple-e616e-esume-upload-and-processing-firefox-retry1\test-failed-1.png
    ────────────────────────────────────────────────────────────────────────────────────────────────

    attachment #2: video (video/webm) ──────────────────────────────────────────────────────────────
    ..\..\test-results\complete-onboarding-Comple-e616e-esume-upload-and-processing-firefox-retry1\video.webm
    ────────────────────────────────────────────────────────────────────────────────────────────────

    Error Context: ..\..\test-results\complete-onboarding-Comple-e616e-esume-upload-and-processing-firefox-retry1\error-context.md

    attachment #4: trace (application/zip) ─────────────────────────────────────────────────────────
    ..\..\test-results\complete-onboarding-Comple-e616e-esume-upload-and-processing-firefox-retry1\trace.zip
    Usage:

        npx playwright show-trace ..\..\test-results\complete-onboarding-Comple-e616e-esume-upload-and-processing-firefox-retry1\trace.zip

    ────────────────────────────────────────────────────────────────────────────────────────────────

    Retry #2 ───────────────────────────────────────────────────────────────────────────────────────

    Error: page.evaluate: TEST_EMAIL is not defined
    @debugger eval code line 290 > eval:3:42
    evaluate@debugger eval code:292:16
    @debugger eval code:1:44

        at @debugger eval code line 290 > eval:3:42
        at evaluate@debugger eval code:292:16
        at @debugger eval code:1:44
        at C:\Users\Administrator\Desktop\main jobhuntin\jobhuntin-e2e-tests\src\tests\complete-onboarding.spec.ts:11:16

    attachment #1: video (video/webm) ──────────────────────────────────────────────────────────────
    ..\..\test-results\complete-onboarding-Comple-e616e-esume-upload-and-processing-firefox-retry2\video.webm
    ────────────────────────────────────────────────────────────────────────────────────────────────

    Error Context: ..\..\test-results\complete-onboarding-Comple-e616e-esume-upload-and-processing-firefox-retry2\error-context.md

    attachment #3: trace (application/zip) ─────────────────────────────────────────────────────────
    ..\..\test-results\complete-onboarding-Comple-e616e-esume-upload-and-processing-firefox-retry2\trace.zip
    Usage:

        npx playwright show-trace ..\..\test-results\complete-onboarding-Comple-e616e-esume-upload-and-processing-firefox-retry2\trace.zip

    ────────────────────────────────────────────────────────────────────────────────────────────────
]]>
</failure>
<system-out>
<![CDATA[
[[ATTACHMENT|..\test-results\complete-onboarding-Comple-e616e-esume-upload-and-processing-firefox\test-failed-1.png]]

[[ATTACHMENT|..\test-results\complete-onboarding-Comple-e616e-esume-upload-and-processing-firefox\video.webm]]

[[ATTACHMENT|..\test-results\complete-onboarding-Comple-e616e-esume-upload-and-processing-firefox\error-context.md]]

[[ATTACHMENT|..\test-results\complete-onboarding-Comple-e616e-esume-upload-and-processing-firefox\trace.zip]]

[[ATTACHMENT|..\test-results\complete-onboarding-Comple-e616e-esume-upload-and-processing-firefox-retry1\test-failed-1.png]]

[[ATTACHMENT|..\test-results\complete-onboarding-Comple-e616e-esume-upload-and-processing-firefox-retry1\video.webm]]

[[ATTACHMENT|..\test-results\complete-onboarding-Comple-e616e-esume-upload-and-processing-firefox-retry1\error-context.md]]

[[ATTACHMENT|..\test-results\complete-onboarding-Comple-e616e-esume-upload-and-processing-firefox-retry1\trace.zip]]

[[ATTACHMENT|..\test-results\complete-onboarding-Comple-e616e-esume-upload-and-processing-firefox-retry2\video.webm]]

[[ATTACHMENT|..\test-results\complete-onboarding-Comple-e616e-esume-upload-and-processing-firefox-retry2\error-context.md]]

[[ATTACHMENT|..\test-results\complete-onboarding-Comple-e616e-esume-upload-and-processing-firefox-retry2\trace.zip]]
]]>
</system-out>
</testcase>
<testcase name="Complete Onboarding Experience › profile data collection and validation" classname="complete-onboarding.spec.ts" time="197.721">
<failure message="complete-onboarding.spec.ts:83:3 profile data collection and validation" type="FAILURE">
<![CDATA[  [firefox] › complete-onboarding.spec.ts:83:3 › Complete Onboarding Experience › profile data collection and validation 

    Error: page.evaluate: TEST_EMAIL is not defined
    @debugger eval code line 290 > eval:3:42
    evaluate@debugger eval code:292:16
    @debugger eval code:1:44

        at @debugger eval code line 290 > eval:3:42
        at evaluate@debugger eval code:292:16
        at @debugger eval code:1:44
        at C:\Users\Administrator\Desktop\main jobhuntin\jobhuntin-e2e-tests\src\tests\complete-onboarding.spec.ts:11:16

    attachment #1: screenshot (image/png) ──────────────────────────────────────────────────────────
    ..\..\test-results\complete-onboarding-Comple-ff951-a-collection-and-validation-firefox\test-failed-1.png
    ────────────────────────────────────────────────────────────────────────────────────────────────

    attachment #2: video (video/webm) ──────────────────────────────────────────────────────────────
    ..\..\test-results\complete-onboarding-Comple-ff951-a-collection-and-validation-firefox\video.webm
    ────────────────────────────────────────────────────────────────────────────────────────────────

    Error Context: ..\..\test-results\complete-onboarding-Comple-ff951-a-collection-and-validation-firefox\error-context.md

    attachment #4: trace (application/zip) ─────────────────────────────────────────────────────────
    ..\..\test-results\complete-onboarding-Comple-ff951-a-collection-and-validation-firefox\trace.zip
    Usage:

        npx playwright show-trace ..\..\test-results\complete-onboarding-Comple-ff951-a-collection-and-validation-firefox\trace.zip

    ────────────────────────────────────────────────────────────────────────────────────────────────

    Retry #1 ───────────────────────────────────────────────────────────────────────────────────────

    Error: page.evaluate: TEST_EMAIL is not defined
    @debugger eval code line 290 > eval:3:42
    evaluate@debugger eval code:292:16
    @debugger eval code:1:44

        at @debugger eval code line 290 > eval:3:42
        at evaluate@debugger eval code:292:16
        at @debugger eval code:1:44
        at C:\Users\Administrator\Desktop\main jobhuntin\jobhuntin-e2e-tests\src\tests\complete-onboarding.spec.ts:11:16

    attachment #1: screenshot (image/png) ──────────────────────────────────────────────────────────
    ..\..\test-results\complete-onboarding-Comple-ff951-a-collection-and-validation-firefox-retry1\test-failed-1.png
    ────────────────────────────────────────────────────────────────────────────────────────────────

    attachment #2: video (video/webm) ──────────────────────────────────────────────────────────────
    ..\..\test-results\complete-onboarding-Comple-ff951-a-collection-and-validation-firefox-retry1\video.webm
    ────────────────────────────────────────────────────────────────────────────────────────────────

    Error Context: ..\..\test-results\complete-onboarding-Comple-ff951-a-collection-and-validation-firefox-retry1\error-context.md

    attachment #4: trace (application/zip) ─────────────────────────────────────────────────────────
    ..\..\test-results\complete-onboarding-Comple-ff951-a-collection-and-validation-firefox-retry1\trace.zip
    Usage:

        npx playwright show-trace ..\..\test-results\complete-onboarding-Comple-ff951-a-collection-and-validation-firefox-retry1\trace.zip

    ────────────────────────────────────────────────────────────────────────────────────────────────

    Retry #2 ───────────────────────────────────────────────────────────────────────────────────────

    Error: page.evaluate: TEST_EMAIL is not defined
    @debugger eval code line 290 > eval:3:42
    evaluate@debugger eval code:292:16
    @debugger eval code:1:44

        at @debugger eval code line 290 > eval:3:42
        at evaluate@debugger eval code:292:16
        at @debugger eval code:1:44
        at C:\Users\Administrator\Desktop\main jobhuntin\jobhuntin-e2e-tests\src\tests\complete-onboarding.spec.ts:11:16

    attachment #1: screenshot (image/png) ──────────────────────────────────────────────────────────
    ..\..\test-results\complete-onboarding-Comple-ff951-a-collection-and-validation-firefox-retry2\test-failed-1.png
    ────────────────────────────────────────────────────────────────────────────────────────────────

    attachment #2: video (video/webm) ──────────────────────────────────────────────────────────────
    ..\..\test-results\complete-onboarding-Comple-ff951-a-collection-and-validation-firefox-retry2\video.webm
    ────────────────────────────────────────────────────────────────────────────────────────────────

    Error Context: ..\..\test-results\complete-onboarding-Comple-ff951-a-collection-and-validation-firefox-retry2\error-context.md

    attachment #4: trace (application/zip) ─────────────────────────────────────────────────────────
    ..\..\test-results\complete-onboarding-Comple-ff951-a-collection-and-validation-firefox-retry2\trace.zip
    Usage:

        npx playwright show-trace ..\..\test-results\complete-onboarding-Comple-ff951-a-collection-and-validation-firefox-retry2\trace.zip

    ────────────────────────────────────────────────────────────────────────────────────────────────
]]>
</failure>
<system-out>
<![CDATA[
[[ATTACHMENT|..\test-results\complete-onboarding-Comple-ff951-a-collection-and-validation-firefox\test-failed-1.png]]

[[ATTACHMENT|..\test-results\complete-onboarding-Comple-ff951-a-collection-and-validation-firefox\video.webm]]

[[ATTACHMENT|..\test-results\complete-onboarding-Comple-ff951-a-collection-and-validation-firefox\error-context.md]]

[[ATTACHMENT|..\test-results\complete-onboarding-Comple-ff951-a-collection-and-validation-firefox\trace.zip]]

[[ATTACHMENT|..\test-results\complete-onboarding-Comple-ff951-a-collection-and-validation-firefox-retry1\test-failed-1.png]]

[[ATTACHMENT|..\test-results\complete-onboarding-Comple-ff951-a-collection-and-validation-firefox-retry1\video.webm]]

[[ATTACHMENT|..\test-results\complete-onboarding-Comple-ff951-a-collection-and-validation-firefox-retry1\error-context.md]]

[[ATTACHMENT|..\test-results\complete-onboarding-Comple-ff951-a-collection-and-validation-firefox-retry1\trace.zip]]

[[ATTACHMENT|..\test-results\complete-onboarding-Comple-ff951-a-collection-and-validation-firefox-retry2\test-failed-1.png]]

[[ATTACHMENT|..\test-results\complete-onboarding-Comple-ff951-a-collection-and-validation-firefox-retry2\video.webm]]

[[ATTACHMENT|..\test-results\complete-onboarding-Comple-ff951-a-collection-and-validation-firefox-retry2\error-context.md]]

[[ATTACHMENT|..\test-results\complete-onboarding-Comple-ff951-a-collection-and-validation-firefox-retry2\trace.zip]]
]]>
</system-out>
</testcase>
<testcase name="Complete Onboarding Experience › job preferences setup" classname="complete-onboarding.spec.ts" time="191.51">
<failure message="complete-onboarding.spec.ts:146:3 job preferences setup" type="FAILURE">
<![CDATA[  [firefox] › complete-onboarding.spec.ts:146:3 › Complete Onboarding Experience › job preferences setup 

    Error: page.evaluate: TEST_EMAIL is not defined
    @debugger eval code line 290 > eval:3:42
    evaluate@debugger eval code:292:16
    @debugger eval code:1:44

        at @debugger eval code line 290 > eval:3:42
        at evaluate@debugger eval code:292:16
        at @debugger eval code:1:44
        at C:\Users\Administrator\Desktop\main jobhuntin\jobhuntin-e2e-tests\src\tests\complete-onboarding.spec.ts:11:16

    attachment #1: video (video/webm) ──────────────────────────────────────────────────────────────
    ..\..\test-results\complete-onboarding-Comple-f39a0-ience-job-preferences-setup-firefox\video.webm
    ────────────────────────────────────────────────────────────────────────────────────────────────

    Error Context: ..\..\test-results\complete-onboarding-Comple-f39a0-ience-job-preferences-setup-firefox\error-context.md

    attachment #3: trace (application/zip) ─────────────────────────────────────────────────────────
    ..\..\test-results\complete-onboarding-Comple-f39a0-ience-job-preferences-setup-firefox\trace.zip
    Usage:

        npx playwright show-trace ..\..\test-results\complete-onboarding-Comple-f39a0-ience-job-preferences-setup-firefox\trace.zip

    ────────────────────────────────────────────────────────────────────────────────────────────────

    Retry #1 ───────────────────────────────────────────────────────────────────────────────────────

    Error: page.evaluate: TEST_EMAIL is not defined
    @debugger eval code line 290 > eval:3:42
    evaluate@debugger eval code:292:16
    @debugger eval code:1:44

        at @debugger eval code line 290 > eval:3:42
        at evaluate@debugger eval code:292:16
        at @debugger eval code:1:44
        at C:\Users\Administrator\Desktop\main jobhuntin\jobhuntin-e2e-tests\src\tests\complete-onboarding.spec.ts:11:16

    attachment #1: screenshot (image/png) ──────────────────────────────────────────────────────────
    ..\..\test-results\complete-onboarding-Comple-f39a0-ience-job-preferences-setup-firefox-retry1\test-failed-1.png
    ────────────────────────────────────────────────────────────────────────────────────────────────

    attachment #2: video (video/webm) ──────────────────────────────────────────────────────────────
    ..\..\test-results\complete-onboarding-Comple-f39a0-ience-job-preferences-setup-firefox-retry1\video.webm
    ────────────────────────────────────────────────────────────────────────────────────────────────

    Error Context: ..\..\test-results\complete-onboarding-Comple-f39a0-ience-job-preferences-setup-firefox-retry1\error-context.md

    attachment #4: trace (application/zip) ─────────────────────────────────────────────────────────
    ..\..\test-results\complete-onboarding-Comple-f39a0-ience-job-preferences-setup-firefox-retry1\trace.zip
    Usage:

        npx playwright show-trace ..\..\test-results\complete-onboarding-Comple-f39a0-ience-job-preferences-setup-firefox-retry1\trace.zip

    ────────────────────────────────────────────────────────────────────────────────────────────────

    Retry #2 ───────────────────────────────────────────────────────────────────────────────────────

    Error: page.evaluate: TEST_EMAIL is not defined
    @debugger eval code line 290 > eval:3:42
    evaluate@debugger eval code:292:16
    @debugger eval code:1:44

        at @debugger eval code line 290 > eval:3:42
        at evaluate@debugger eval code:292:16
        at @debugger eval code:1:44
        at C:\Users\Administrator\Desktop\main jobhuntin\jobhuntin-e2e-tests\src\tests\complete-onboarding.spec.ts:11:16

    attachment #1: screenshot (image/png) ──────────────────────────────────────────────────────────
    ..\..\test-results\complete-onboarding-Comple-f39a0-ience-job-preferences-setup-firefox-retry2\test-failed-1.png
    ────────────────────────────────────────────────────────────────────────────────────────────────

    attachment #2: video (video/webm) ──────────────────────────────────────────────────────────────
    ..\..\test-results\complete-onboarding-Comple-f39a0-ience-job-preferences-setup-firefox-retry2\video.webm
    ────────────────────────────────────────────────────────────────────────────────────────────────

    Error Context: ..\..\test-results\complete-onboarding-Comple-f39a0-ience-job-preferences-setup-firefox-retry2\error-context.md

    attachment #4: trace (application/zip) ─────────────────────────────────────────────────────────
    ..\..\test-results\complete-onboarding-Comple-f39a0-ience-job-preferences-setup-firefox-retry2\trace.zip
    Usage:

        npx playwright show-trace ..\..\test-results\complete-onboarding-Comple-f39a0-ience-job-preferences-setup-firefox-retry2\trace.zip

    ────────────────────────────────────────────────────────────────────────────────────────────────
]]>
</failure>
<system-out>
<![CDATA[
[[ATTACHMENT|..\test-results\complete-onboarding-Comple-f39a0-ience-job-preferences-setup-firefox\video.webm]]

[[ATTACHMENT|..\test-results\complete-onboarding-Comple-f39a0-ience-job-preferences-setup-firefox\error-context.md]]

[[ATTACHMENT|..\test-results\complete-onboarding-Comple-f39a0-ience-job-preferences-setup-firefox\trace.zip]]

[[ATTACHMENT|..\test-results\complete-onboarding-Comple-f39a0-ience-job-preferences-setup-firefox-retry1\test-failed-1.png]]

[[ATTACHMENT|..\test-results\complete-onboarding-Comple-f39a0-ience-job-preferences-setup-firefox-retry1\video.webm]]

[[ATTACHMENT|..\test-results\complete-onboarding-Comple-f39a0-ience-job-preferences-setup-firefox-retry1\error-context.md]]

[[ATTACHMENT|..\test-results\complete-onboarding-Comple-f39a0-ience-job-preferences-setup-firefox-retry1\trace.zip]]

[[ATTACHMENT|..\test-results\complete-onboarding-Comple-f39a0-ience-job-preferences-setup-firefox-retry2\test-failed-1.png]]

[[ATTACHMENT|..\test-results\complete-onboarding-Comple-f39a0-ience-job-preferences-setup-firefox-retry2\video.webm]]

[[ATTACHMENT|..\test-results\complete-onboarding-Comple-f39a0-ience-job-preferences-setup-firefox-retry2\error-context.md]]

[[ATTACHMENT|..\test-results\complete-onboarding-Comple-f39a0-ience-job-preferences-setup-firefox-retry2\trace.zip]]
]]>
</system-out>
</testcase>
<testcase name="Complete Onboarding Experience › navigation between onboarding steps" classname="complete-onboarding.spec.ts" time="196.54">
<failure message="complete-onboarding.spec.ts:187:3 navigation between onboarding steps" type="FAILURE">
<![CDATA[  [firefox] › complete-onboarding.spec.ts:187:3 › Complete Onboarding Experience › navigation between onboarding steps 

    Error: page.evaluate: TEST_EMAIL is not defined
    @debugger eval code line 290 > eval:3:42
    evaluate@debugger eval code:292:16
    @debugger eval code:1:44

        at @debugger eval code line 290 > eval:3:42
        at evaluate@debugger eval code:292:16
        at @debugger eval code:1:44
        at C:\Users\Administrator\Desktop\main jobhuntin\jobhuntin-e2e-tests\src\tests\complete-onboarding.spec.ts:11:16

    attachment #1: screenshot (image/png) ──────────────────────────────────────────────────────────
    ..\..\test-results\complete-onboarding-Comple-f2c27-on-between-onboarding-steps-firefox\test-failed-1.png
    ────────────────────────────────────────────────────────────────────────────────────────────────

    attachment #2: video (video/webm) ──────────────────────────────────────────────────────────────
    ..\..\test-results\complete-onboarding-Comple-f2c27-on-between-onboarding-steps-firefox\video.webm
    ────────────────────────────────────────────────────────────────────────────────────────────────

    Error Context: ..\..\test-results\complete-onboarding-Comple-f2c27-on-between-onboarding-steps-firefox\error-context.md

    attachment #4: trace (application/zip) ─────────────────────────────────────────────────────────
    ..\..\test-results\complete-onboarding-Comple-f2c27-on-between-onboarding-steps-firefox\trace.zip
    Usage:

        npx playwright show-trace ..\..\test-results\complete-onboarding-Comple-f2c27-on-between-onboarding-steps-firefox\trace.zip

    ────────────────────────────────────────────────────────────────────────────────────────────────

    Retry #1 ───────────────────────────────────────────────────────────────────────────────────────

    Error: page.evaluate: TEST_EMAIL is not defined
    @debugger eval code line 290 > eval:3:42
    evaluate@debugger eval code:292:16
    @debugger eval code:1:44

        at @debugger eval code line 290 > eval:3:42
        at evaluate@debugger eval code:292:16
        at @debugger eval code:1:44
        at C:\Users\Administrator\Desktop\main jobhuntin\jobhuntin-e2e-tests\src\tests\complete-onboarding.spec.ts:11:16

    attachment #1: screenshot (image/png) ──────────────────────────────────────────────────────────
    ..\..\test-results\complete-onboarding-Comple-f2c27-on-between-onboarding-steps-firefox-retry1\test-failed-1.png
    ────────────────────────────────────────────────────────────────────────────────────────────────

    attachment #2: video (video/webm) ──────────────────────────────────────────────────────────────
    ..\..\test-results\complete-onboarding-Comple-f2c27-on-between-onboarding-steps-firefox-retry1\video.webm
    ────────────────────────────────────────────────────────────────────────────────────────────────

    Error Context: ..\..\test-results\complete-onboarding-Comple-f2c27-on-between-onboarding-steps-firefox-retry1\error-context.md

    attachment #4: trace (application/zip) ─────────────────────────────────────────────────────────
    ..\..\test-results\complete-onboarding-Comple-f2c27-on-between-onboarding-steps-firefox-retry1\trace.zip
    Usage:

        npx playwright show-trace ..\..\test-results\complete-onboarding-Comple-f2c27-on-between-onboarding-steps-firefox-retry1\trace.zip

    ────────────────────────────────────────────────────────────────────────────────────────────────

    Retry #2 ───────────────────────────────────────────────────────────────────────────────────────

    Error: page.evaluate: TEST_EMAIL is not defined
    @debugger eval code line 290 > eval:3:42
    evaluate@debugger eval code:292:16
    @debugger eval code:1:44

        at @debugger eval code line 290 > eval:3:42
        at evaluate@debugger eval code:292:16
        at @debugger eval code:1:44
        at C:\Users\Administrator\Desktop\main jobhuntin\jobhuntin-e2e-tests\src\tests\complete-onboarding.spec.ts:11:16

    attachment #1: screenshot (image/png) ──────────────────────────────────────────────────────────
    ..\..\test-results\complete-onboarding-Comple-f2c27-on-between-onboarding-steps-firefox-retry2\test-failed-1.png
    ────────────────────────────────────────────────────────────────────────────────────────────────

    attachment #2: video (video/webm) ──────────────────────────────────────────────────────────────
    ..\..\test-results\complete-onboarding-Comple-f2c27-on-between-onboarding-steps-firefox-retry2\video.webm
    ────────────────────────────────────────────────────────────────────────────────────────────────

    Error Context: ..\..\test-results\complete-onboarding-Comple-f2c27-on-between-onboarding-steps-firefox-retry2\error-context.md

    attachment #4: trace (application/zip) ─────────────────────────────────────────────────────────
    ..\..\test-results\complete-onboarding-Comple-f2c27-on-between-onboarding-steps-firefox-retry2\trace.zip
    Usage:

        npx playwright show-trace ..\..\test-results\complete-onboarding-Comple-f2c27-on-between-onboarding-steps-firefox-retry2\trace.zip

    ────────────────────────────────────────────────────────────────────────────────────────────────
]]>
</failure>
<system-out>
<![CDATA[
[[ATTACHMENT|..\test-results\complete-onboarding-Comple-f2c27-on-between-onboarding-steps-firefox\test-failed-1.png]]

[[ATTACHMENT|..\test-results\complete-onboarding-Comple-f2c27-on-between-onboarding-steps-firefox\video.webm]]

[[ATTACHMENT|..\test-results\complete-onboarding-Comple-f2c27-on-between-onboarding-steps-firefox\error-context.md]]

[[ATTACHMENT|..\test-results\complete-onboarding-Comple-f2c27-on-between-onboarding-steps-firefox\trace.zip]]

[[ATTACHMENT|..\test-results\complete-onboarding-Comple-f2c27-on-between-onboarding-steps-firefox-retry1\test-failed-1.png]]

[[ATTACHMENT|..\test-results\complete-onboarding-Comple-f2c27-on-between-onboarding-steps-firefox-retry1\video.webm]]

[[ATTACHMENT|..\test-results\complete-onboarding-Comple-f2c27-on-between-onboarding-steps-firefox-retry1\error-context.md]]

[[ATTACHMENT|..\test-results\complete-onboarding-Comple-f2c27-on-between-onboarding-steps-firefox-retry1\trace.zip]]

[[ATTACHMENT|..\test-results\complete-onboarding-Comple-f2c27-on-between-onboarding-steps-firefox-retry2\test-failed-1.png]]

[[ATTACHMENT|..\test-results\complete-onboarding-Comple-f2c27-on-between-onboarding-steps-firefox-retry2\video.webm]]

[[ATTACHMENT|..\test-results\complete-onboarding-Comple-f2c27-on-between-onboarding-steps-firefox-retry2\error-context.md]]

[[ATTACHMENT|..\test-results\complete-onboarding-Comple-f2c27-on-between-onboarding-steps-firefox-retry2\trace.zip]]
]]>
</system-out>
</testcase>
</testsuite>
<testsuite name="core-features.spec.ts" timestamp="2026-03-06T01:12:39.003Z" hostname="webkit" tests="4" failures="4" skipped="0" time="718.906" errors="0">
<testcase name="Core Application Features › complete job search and application flow" classname="core-features.spec.ts" time="202.412">
<failure message="core-features.spec.ts:19:3 complete job search and application flow" type="FAILURE">
<![CDATA[  [webkit] › core-features.spec.ts:19:3 › Core Application Features › complete job search and application flow 

    Error: page.evaluate: ReferenceError: Can't find variable: TEST_EMAIL

       9 |     // Set up authenticated state for testing
      10 |     await page.goto(BASE_URL);
    > 11 |     await page.evaluate(() => {
         |                ^
      12 |       localStorage.setItem('auth_token', 'mock-test-token-for-e2e');
      13 |       localStorage.setItem('user_email', TEST_EMAIL);
      14 |       localStorage.setItem('user_id', 'test-user-id-123');
        at C:\Users\Administrator\Desktop\main jobhuntin\jobhuntin-e2e-tests\src\tests\core-features.spec.ts:11:16

    attachment #1: video (video/webm) ──────────────────────────────────────────────────────────────
    ..\..\test-results\core-features-Core-Applica-00949-search-and-application-flow-webkit\video.webm
    ────────────────────────────────────────────────────────────────────────────────────────────────

    Error Context: ..\..\test-results\core-features-Core-Applica-00949-search-and-application-flow-webkit\error-context.md

    attachment #3: trace (application/zip) ─────────────────────────────────────────────────────────
    ..\..\test-results\core-features-Core-Applica-00949-search-and-application-flow-webkit\trace.zip
    Usage:

        npx playwright show-trace ..\..\test-results\core-features-Core-Applica-00949-search-and-application-flow-webkit\trace.zip

    ────────────────────────────────────────────────────────────────────────────────────────────────

    Retry #1 ───────────────────────────────────────────────────────────────────────────────────────

    Error: page.evaluate: ReferenceError: Can't find variable: TEST_EMAIL

       9 |     // Set up authenticated state for testing
      10 |     await page.goto(BASE_URL);
    > 11 |     await page.evaluate(() => {
         |                ^
      12 |       localStorage.setItem('auth_token', 'mock-test-token-for-e2e');
      13 |       localStorage.setItem('user_email', TEST_EMAIL);
      14 |       localStorage.setItem('user_id', 'test-user-id-123');
        at C:\Users\Administrator\Desktop\main jobhuntin\jobhuntin-e2e-tests\src\tests\core-features.spec.ts:11:16

    attachment #1: screenshot (image/png) ──────────────────────────────────────────────────────────
    ..\..\test-results\core-features-Core-Applica-00949-search-and-application-flow-webkit-retry1\test-failed-1.png
    ────────────────────────────────────────────────────────────────────────────────────────────────

    attachment #2: video (video/webm) ──────────────────────────────────────────────────────────────
    ..\..\test-results\core-features-Core-Applica-00949-search-and-application-flow-webkit-retry1\video.webm
    ────────────────────────────────────────────────────────────────────────────────────────────────

    Error Context: ..\..\test-results\core-features-Core-Applica-00949-search-and-application-flow-webkit-retry1\error-context.md

    attachment #4: trace (application/zip) ─────────────────────────────────────────────────────────
    ..\..\test-results\core-features-Core-Applica-00949-search-and-application-flow-webkit-retry1\trace.zip
    Usage:

        npx playwright show-trace ..\..\test-results\core-features-Core-Applica-00949-search-and-application-flow-webkit-retry1\trace.zip

    ────────────────────────────────────────────────────────────────────────────────────────────────

    Retry #2 ───────────────────────────────────────────────────────────────────────────────────────

    Error: page.evaluate: ReferenceError: Can't find variable: TEST_EMAIL

       9 |     // Set up authenticated state for testing
      10 |     await page.goto(BASE_URL);
    > 11 |     await page.evaluate(() => {
         |                ^
      12 |       localStorage.setItem('auth_token', 'mock-test-token-for-e2e');
      13 |       localStorage.setItem('user_email', TEST_EMAIL);
      14 |       localStorage.setItem('user_id', 'test-user-id-123');
        at C:\Users\Administrator\Desktop\main jobhuntin\jobhuntin-e2e-tests\src\tests\core-features.spec.ts:11:16

    attachment #1: video (video/webm) ──────────────────────────────────────────────────────────────
    ..\..\test-results\core-features-Core-Applica-00949-search-and-application-flow-webkit-retry2\video.webm
    ────────────────────────────────────────────────────────────────────────────────────────────────

    Error Context: ..\..\test-results\core-features-Core-Applica-00949-search-and-application-flow-webkit-retry2\error-context.md

    attachment #3: trace (application/zip) ─────────────────────────────────────────────────────────
    ..\..\test-results\core-features-Core-Applica-00949-search-and-application-flow-webkit-retry2\trace.zip
    Usage:

        npx playwright show-trace ..\..\test-results\core-features-Core-Applica-00949-search-and-application-flow-webkit-retry2\trace.zip

    ────────────────────────────────────────────────────────────────────────────────────────────────
]]>
</failure>
<system-out>
<![CDATA[
[[ATTACHMENT|..\test-results\core-features-Core-Applica-00949-search-and-application-flow-webkit\video.webm]]

[[ATTACHMENT|..\test-results\core-features-Core-Applica-00949-search-and-application-flow-webkit\error-context.md]]

[[ATTACHMENT|..\test-results\core-features-Core-Applica-00949-search-and-application-flow-webkit\trace.zip]]

[[ATTACHMENT|..\test-results\core-features-Core-Applica-00949-search-and-application-flow-webkit-retry1\test-failed-1.png]]

[[ATTACHMENT|..\test-results\core-features-Core-Applica-00949-search-and-application-flow-webkit-retry1\video.webm]]

[[ATTACHMENT|..\test-results\core-features-Core-Applica-00949-search-and-application-flow-webkit-retry1\error-context.md]]

[[ATTACHMENT|..\test-results\core-features-Core-Applica-00949-search-and-application-flow-webkit-retry1\trace.zip]]

[[ATTACHMENT|..\test-results\core-features-Core-Applica-00949-search-and-application-flow-webkit-retry2\video.webm]]

[[ATTACHMENT|..\test-results\core-features-Core-Applica-00949-search-and-application-flow-webkit-retry2\error-context.md]]

[[ATTACHMENT|..\test-results\core-features-Core-Applica-00949-search-and-application-flow-webkit-retry2\trace.zip]]
]]>
</system-out>
</testcase>
<testcase name="Core Application Features › user profile management" classname="core-features.spec.ts" time="131.108">
<failure message="core-features.spec.ts:49:3 user profile management" type="FAILURE">
<![CDATA[  [webkit] › core-features.spec.ts:49:3 › Core Application Features › user profile management ──────

    Error: page.evaluate: ReferenceError: Can't find variable: TEST_EMAIL

       9 |     // Set up authenticated state for testing
      10 |     await page.goto(BASE_URL);
    > 11 |     await page.evaluate(() => {
         |                ^
      12 |       localStorage.setItem('auth_token', 'mock-test-token-for-e2e');
      13 |       localStorage.setItem('user_email', TEST_EMAIL);
      14 |       localStorage.setItem('user_id', 'test-user-id-123');
        at C:\Users\Administrator\Desktop\main jobhuntin\jobhuntin-e2e-tests\src\tests\core-features.spec.ts:11:16

    attachment #1: screenshot (image/png) ──────────────────────────────────────────────────────────
    ..\..\test-results\core-features-Core-Applica-a0188-res-user-profile-management-webkit\test-failed-1.png
    ────────────────────────────────────────────────────────────────────────────────────────────────

    attachment #2: video (video/webm) ──────────────────────────────────────────────────────────────
    ..\..\test-results\core-features-Core-Applica-a0188-res-user-profile-management-webkit\video.webm
    ────────────────────────────────────────────────────────────────────────────────────────────────

    Error Context: ..\..\test-results\core-features-Core-Applica-a0188-res-user-profile-management-webkit\error-context.md

    attachment #4: trace (application/zip) ─────────────────────────────────────────────────────────
    ..\..\test-results\core-features-Core-Applica-a0188-res-user-profile-management-webkit\trace.zip
    Usage:

        npx playwright show-trace ..\..\test-results\core-features-Core-Applica-a0188-res-user-profile-management-webkit\trace.zip

    ────────────────────────────────────────────────────────────────────────────────────────────────

    Retry #1 ───────────────────────────────────────────────────────────────────────────────────────

    Error: page.evaluate: ReferenceError: Can't find variable: TEST_EMAIL

       9 |     // Set up authenticated state for testing
      10 |     await page.goto(BASE_URL);
    > 11 |     await page.evaluate(() => {
         |                ^
      12 |       localStorage.setItem('auth_token', 'mock-test-token-for-e2e');
      13 |       localStorage.setItem('user_email', TEST_EMAIL);
      14 |       localStorage.setItem('user_id', 'test-user-id-123');
        at C:\Users\Administrator\Desktop\main jobhuntin\jobhuntin-e2e-tests\src\tests\core-features.spec.ts:11:16

    attachment #1: screenshot (image/png) ──────────────────────────────────────────────────────────
    ..\..\test-results\core-features-Core-Applica-a0188-res-user-profile-management-webkit-retry1\test-failed-1.png
    ────────────────────────────────────────────────────────────────────────────────────────────────

    attachment #2: video (video/webm) ──────────────────────────────────────────────────────────────
    ..\..\test-results\core-features-Core-Applica-a0188-res-user-profile-management-webkit-retry1\video.webm
    ────────────────────────────────────────────────────────────────────────────────────────────────

    Error Context: ..\..\test-results\core-features-Core-Applica-a0188-res-user-profile-management-webkit-retry1\error-context.md

    attachment #4: trace (application/zip) ─────────────────────────────────────────────────────────
    ..\..\test-results\core-features-Core-Applica-a0188-res-user-profile-management-webkit-retry1\trace.zip
    Usage:

        npx playwright show-trace ..\..\test-results\core-features-Core-Applica-a0188-res-user-profile-management-webkit-retry1\trace.zip

    ────────────────────────────────────────────────────────────────────────────────────────────────

    Retry #2 ───────────────────────────────────────────────────────────────────────────────────────

    Error: page.evaluate: ReferenceError: Can't find variable: TEST_EMAIL

       9 |     // Set up authenticated state for testing
      10 |     await page.goto(BASE_URL);
    > 11 |     await page.evaluate(() => {
         |                ^
      12 |       localStorage.setItem('auth_token', 'mock-test-token-for-e2e');
      13 |       localStorage.setItem('user_email', TEST_EMAIL);
      14 |       localStorage.setItem('user_id', 'test-user-id-123');
        at C:\Users\Administrator\Desktop\main jobhuntin\jobhuntin-e2e-tests\src\tests\core-features.spec.ts:11:16

    attachment #1: video (video/webm) ──────────────────────────────────────────────────────────────
    ..\..\test-results\core-features-Core-Applica-a0188-res-user-profile-management-webkit-retry2\video.webm
    ────────────────────────────────────────────────────────────────────────────────────────────────

    Error Context: ..\..\test-results\core-features-Core-Applica-a0188-res-user-profile-management-webkit-retry2\error-context.md

    attachment #3: trace (application/zip) ─────────────────────────────────────────────────────────
    ..\..\test-results\core-features-Core-Applica-a0188-res-user-profile-management-webkit-retry2\trace.zip
    Usage:

        npx playwright show-trace ..\..\test-results\core-features-Core-Applica-a0188-res-user-profile-management-webkit-retry2\trace.zip

    ────────────────────────────────────────────────────────────────────────────────────────────────
]]>
</failure>
<system-out>
<![CDATA[
[[ATTACHMENT|..\test-results\core-features-Core-Applica-a0188-res-user-profile-management-webkit\test-failed-1.png]]

[[ATTACHMENT|..\test-results\core-features-Core-Applica-a0188-res-user-profile-management-webkit\video.webm]]

[[ATTACHMENT|..\test-results\core-features-Core-Applica-a0188-res-user-profile-management-webkit\error-context.md]]

[[ATTACHMENT|..\test-results\core-features-Core-Applica-a0188-res-user-profile-management-webkit\trace.zip]]

[[ATTACHMENT|..\test-results\core-features-Core-Applica-a0188-res-user-profile-management-webkit-retry1\test-failed-1.png]]

[[ATTACHMENT|..\test-results\core-features-Core-Applica-a0188-res-user-profile-management-webkit-retry1\video.webm]]

[[ATTACHMENT|..\test-results\core-features-Core-Applica-a0188-res-user-profile-management-webkit-retry1\error-context.md]]

[[ATTACHMENT|..\test-results\core-features-Core-Applica-a0188-res-user-profile-management-webkit-retry1\trace.zip]]

[[ATTACHMENT|..\test-results\core-features-Core-Applica-a0188-res-user-profile-management-webkit-retry2\video.webm]]

[[ATTACHMENT|..\test-results\core-features-Core-Applica-a0188-res-user-profile-management-webkit-retry2\error-context.md]]

[[ATTACHMENT|..\test-results\core-features-Core-Applica-a0188-res-user-profile-management-webkit-retry2\trace.zip]]
]]>
</system-out>
</testcase>
<testcase name="Core Application Features › dashboard functionality and data loading" classname="core-features.spec.ts" time="209.065">
<failure message="core-features.spec.ts:92:3 dashboard functionality and data loading" type="FAILURE">
<![CDATA[  [webkit] › core-features.spec.ts:92:3 › Core Application Features › dashboard functionality and data loading 

    Error: page.evaluate: ReferenceError: Can't find variable: TEST_EMAIL

       9 |     // Set up authenticated state for testing
      10 |     await page.goto(BASE_URL);
    > 11 |     await page.evaluate(() => {
         |                ^
      12 |       localStorage.setItem('auth_token', 'mock-test-token-for-e2e');
      13 |       localStorage.setItem('user_email', TEST_EMAIL);
      14 |       localStorage.setItem('user_id', 'test-user-id-123');
        at C:\Users\Administrator\Desktop\main jobhuntin\jobhuntin-e2e-tests\src\tests\core-features.spec.ts:11:16

    attachment #1: video (video/webm) ──────────────────────────────────────────────────────────────
    ..\..\test-results\core-features-Core-Applica-ae0c1-ctionality-and-data-loading-webkit\video.webm
    ────────────────────────────────────────────────────────────────────────────────────────────────

    Error Context: ..\..\test-results\core-features-Core-Applica-ae0c1-ctionality-and-data-loading-webkit\error-context.md

    attachment #3: trace (application/zip) ─────────────────────────────────────────────────────────
    ..\..\test-results\core-features-Core-Applica-ae0c1-ctionality-and-data-loading-webkit\trace.zip
    Usage:

        npx playwright show-trace ..\..\test-results\core-features-Core-Applica-ae0c1-ctionality-and-data-loading-webkit\trace.zip

    ────────────────────────────────────────────────────────────────────────────────────────────────

    Retry #1 ───────────────────────────────────────────────────────────────────────────────────────

    Error: page.evaluate: ReferenceError: Can't find variable: TEST_EMAIL

       9 |     // Set up authenticated state for testing
      10 |     await page.goto(BASE_URL);
    > 11 |     await page.evaluate(() => {
         |                ^
      12 |       localStorage.setItem('auth_token', 'mock-test-token-for-e2e');
      13 |       localStorage.setItem('user_email', TEST_EMAIL);
      14 |       localStorage.setItem('user_id', 'test-user-id-123');
        at C:\Users\Administrator\Desktop\main jobhuntin\jobhuntin-e2e-tests\src\tests\core-features.spec.ts:11:16

    attachment #1: screenshot (image/png) ──────────────────────────────────────────────────────────
    ..\..\test-results\core-features-Core-Applica-ae0c1-ctionality-and-data-loading-webkit-retry1\test-failed-1.png
    ────────────────────────────────────────────────────────────────────────────────────────────────

    attachment #2: video (video/webm) ──────────────────────────────────────────────────────────────
    ..\..\test-results\core-features-Core-Applica-ae0c1-ctionality-and-data-loading-webkit-retry1\video.webm
    ────────────────────────────────────────────────────────────────────────────────────────────────

    Error Context: ..\..\test-results\core-features-Core-Applica-ae0c1-ctionality-and-data-loading-webkit-retry1\error-context.md

    attachment #4: trace (application/zip) ─────────────────────────────────────────────────────────
    ..\..\test-results\core-features-Core-Applica-ae0c1-ctionality-and-data-loading-webkit-retry1\trace.zip
    Usage:

        npx playwright show-trace ..\..\test-results\core-features-Core-Applica-ae0c1-ctionality-and-data-loading-webkit-retry1\trace.zip

    ────────────────────────────────────────────────────────────────────────────────────────────────

    Retry #2 ───────────────────────────────────────────────────────────────────────────────────────

    Error: page.evaluate: ReferenceError: Can't find variable: TEST_EMAIL

       9 |     // Set up authenticated state for testing
      10 |     await page.goto(BASE_URL);
    > 11 |     await page.evaluate(() => {
         |                ^
      12 |       localStorage.setItem('auth_token', 'mock-test-token-for-e2e');
      13 |       localStorage.setItem('user_email', TEST_EMAIL);
      14 |       localStorage.setItem('user_id', 'test-user-id-123');
        at C:\Users\Administrator\Desktop\main jobhuntin\jobhuntin-e2e-tests\src\tests\core-features.spec.ts:11:16

    attachment #1: screenshot (image/png) ──────────────────────────────────────────────────────────
    ..\..\test-results\core-features-Core-Applica-ae0c1-ctionality-and-data-loading-webkit-retry2\test-failed-1.png
    ────────────────────────────────────────────────────────────────────────────────────────────────

    attachment #2: video (video/webm) ──────────────────────────────────────────────────────────────
    ..\..\test-results\core-features-Core-Applica-ae0c1-ctionality-and-data-loading-webkit-retry2\video.webm
    ────────────────────────────────────────────────────────────────────────────────────────────────

    Error Context: ..\..\test-results\core-features-Core-Applica-ae0c1-ctionality-and-data-loading-webkit-retry2\error-context.md

    attachment #4: trace (application/zip) ─────────────────────────────────────────────────────────
    ..\..\test-results\core-features-Core-Applica-ae0c1-ctionality-and-data-loading-webkit-retry2\trace.zip
    Usage:

        npx playwright show-trace ..\..\test-results\core-features-Core-Applica-ae0c1-ctionality-and-data-loading-webkit-retry2\trace.zip

    ────────────────────────────────────────────────────────────────────────────────────────────────
]]>
</failure>
<system-out>
<![CDATA[
[[ATTACHMENT|..\test-results\core-features-Core-Applica-ae0c1-ctionality-and-data-loading-webkit\video.webm]]

[[ATTACHMENT|..\test-results\core-features-Core-Applica-ae0c1-ctionality-and-data-loading-webkit\error-context.md]]

[[ATTACHMENT|..\test-results\core-features-Core-Applica-ae0c1-ctionality-and-data-loading-webkit\trace.zip]]

[[ATTACHMENT|..\test-results\core-features-Core-Applica-ae0c1-ctionality-and-data-loading-webkit-retry1\test-failed-1.png]]

[[ATTACHMENT|..\test-results\core-features-Core-Applica-ae0c1-ctionality-and-data-loading-webkit-retry1\video.webm]]

[[ATTACHMENT|..\test-results\core-features-Core-Applica-ae0c1-ctionality-and-data-loading-webkit-retry1\error-context.md]]

[[ATTACHMENT|..\test-results\core-features-Core-Applica-ae0c1-ctionality-and-data-loading-webkit-retry1\trace.zip]]

[[ATTACHMENT|..\test-results\core-features-Core-Applica-ae0c1-ctionality-and-data-loading-webkit-retry2\test-failed-1.png]]

[[ATTACHMENT|..\test-results\core-features-Core-Applica-ae0c1-ctionality-and-data-loading-webkit-retry2\video.webm]]

[[ATTACHMENT|..\test-results\core-features-Core-Applica-ae0c1-ctionality-and-data-loading-webkit-retry2\error-context.md]]

[[ATTACHMENT|..\test-results\core-features-Core-Applica-ae0c1-ctionality-and-data-loading-webkit-retry2\trace.zip]]
]]>
</system-out>
</testcase>
<testcase name="Core Application Features › navigation and routing" classname="core-features.spec.ts" time="176.321">
<failure message="core-features.spec.ts:144:3 navigation and routing" type="FAILURE">
<![CDATA[  [webkit] › core-features.spec.ts:144:3 › Core Application Features › navigation and routing ──────

    Error: page.evaluate: ReferenceError: Can't find variable: TEST_EMAIL

       9 |     // Set up authenticated state for testing
      10 |     await page.goto(BASE_URL);
    > 11 |     await page.evaluate(() => {
         |                ^
      12 |       localStorage.setItem('auth_token', 'mock-test-token-for-e2e');
      13 |       localStorage.setItem('user_email', TEST_EMAIL);
      14 |       localStorage.setItem('user_id', 'test-user-id-123');
        at C:\Users\Administrator\Desktop\main jobhuntin\jobhuntin-e2e-tests\src\tests\core-features.spec.ts:11:16

    attachment #1: video (video/webm) ──────────────────────────────────────────────────────────────
    ..\..\test-results\core-features-Core-Applica-ceebe-ures-navigation-and-routing-webkit\video.webm
    ────────────────────────────────────────────────────────────────────────────────────────────────

    Error Context: ..\..\test-results\core-features-Core-Applica-ceebe-ures-navigation-and-routing-webkit\error-context.md

    attachment #3: trace (application/zip) ─────────────────────────────────────────────────────────
    ..\..\test-results\core-features-Core-Applica-ceebe-ures-navigation-and-routing-webkit\trace.zip
    Usage:

        npx playwright show-trace ..\..\test-results\core-features-Core-Applica-ceebe-ures-navigation-and-routing-webkit\trace.zip

    ────────────────────────────────────────────────────────────────────────────────────────────────

    Retry #1 ───────────────────────────────────────────────────────────────────────────────────────

    Error: page.evaluate: ReferenceError: Can't find variable: TEST_EMAIL

       9 |     // Set up authenticated state for testing
      10 |     await page.goto(BASE_URL);
    > 11 |     await page.evaluate(() => {
         |                ^
      12 |       localStorage.setItem('auth_token', 'mock-test-token-for-e2e');
      13 |       localStorage.setItem('user_email', TEST_EMAIL);
      14 |       localStorage.setItem('user_id', 'test-user-id-123');
        at C:\Users\Administrator\Desktop\main jobhuntin\jobhuntin-e2e-tests\src\tests\core-features.spec.ts:11:16

    attachment #1: video (video/webm) ──────────────────────────────────────────────────────────────
    ..\..\test-results\core-features-Core-Applica-ceebe-ures-navigation-and-routing-webkit-retry1\video.webm
    ────────────────────────────────────────────────────────────────────────────────────────────────

    Error Context: ..\..\test-results\core-features-Core-Applica-ceebe-ures-navigation-and-routing-webkit-retry1\error-context.md

    attachment #3: trace (application/zip) ─────────────────────────────────────────────────────────
    ..\..\test-results\core-features-Core-Applica-ceebe-ures-navigation-and-routing-webkit-retry1\trace.zip
    Usage:

        npx playwright show-trace ..\..\test-results\core-features-Core-Applica-ceebe-ures-navigation-and-routing-webkit-retry1\trace.zip

    ────────────────────────────────────────────────────────────────────────────────────────────────

    Retry #2 ───────────────────────────────────────────────────────────────────────────────────────

    Error: page.evaluate: ReferenceError: Can't find variable: TEST_EMAIL

[...]
      249 |
      250 |     // Submit multiple requests rapidly
      251 |     const submitBtn = page.locator('button[type="submit"], button:has-text("Continue")').first();
        at C:\Users\Administrator\Desktop\main jobhuntin\jobhuntin-e2e-tests\src\tests\error-handling.spec.ts:248:22

    Tearing down "context" exceeded the test timeout of 120000ms.

    attachment #1: screenshot (image/png) ──────────────────────────────────────────────────────────
    ..\..\test-results\error-handling-Error-Handl-fde65-concurrent-request-handling-error-handling-retry2\test-failed-1.png
    ────────────────────────────────────────────────────────────────────────────────────────────────

    Error Context: ..\..\test-results\error-handling-Error-Handl-fde65-concurrent-request-handling-error-handling-retry2\error-context.md

    attachment #3: trace (application/zip) ─────────────────────────────────────────────────────────
    ..\..\test-results\error-handling-Error-Handl-fde65-concurrent-request-handling-error-handling-retry2\trace.zip
    Usage:

        npx playwright show-trace ..\..\test-results\error-handling-Error-Handl-fde65-concurrent-request-handling-error-handling-retry2\trace.zip

    ────────────────────────────────────────────────────────────────────────────────────────────────
]]>
</failure>
<system-out>
<![CDATA[🔄 Testing concurrent request handling...

[[ATTACHMENT|..\test-results\error-handling-Error-Handl-fde65-concurrent-request-handling-error-handling\test-failed-1.png]]
🔄 Testing concurrent request handling...

[[ATTACHMENT|..\test-results\error-handling-Error-Handl-fde65-concurrent-request-handling-error-handling-retry1\test-failed-1.png]]
🔄 Testing concurrent request handling...

[[ATTACHMENT|..\test-results\error-handling-Error-Handl-fde65-concurrent-request-handling-error-handling-retry2\test-failed-1.png]]

[[ATTACHMENT|..\test-results\error-handling-Error-Handl-fde65-concurrent-request-handling-error-handling-retry2\error-context.md]]

[[ATTACHMENT|..\test-results\error-handling-Error-Handl-fde65-concurrent-request-handling-error-handling-retry2\trace.zip]]
]]>
</system-out>
</testcase>
<testcase name="Error Handling &amp; Edge Cases › browser back button handling" classname="error-handling.spec.ts" time="688.459">
<failure message="error-handling.spec.ts:273:3 browser back button handling" type="FAILURE">
<![CDATA[  [error-handling] › error-handling.spec.ts:273:3 › Error Handling & Edge Cases › browser back button handling 

    Error: page.evaluate: ReferenceError: TEST_EMAIL is not defined
        at eval (eval at evaluate (:290:30), <anonymous>:3:42)
        at UtilityScript.evaluate (<anonymous>:292:16)
        at UtilityScript.<anonymous> (<anonymous>:1:44)
        at eval (eval at evaluate (:290:30), <anonymous>:3:42)
        at UtilityScript.evaluate (<anonymous>:292:16)
        at UtilityScript.<anonymous> (<anonymous>:1:44)
        at C:\Users\Administrator\Desktop\main jobhuntin\jobhuntin-e2e-tests\src\tests\error-handling.spec.ts:299:16

    Tearing down "context" exceeded the test timeout of 120000ms.

    Error: apiRequestContext._wrapApiCall: Test ended.

    attachment #1: trace (application/zip) ─────────────────────────────────────────────────────────
    ..\..\test-results\error-handling-Error-Handl-4a903-rowser-back-button-handling-error-handling\trace.zip
    Usage:

        npx playwright show-trace ..\..\test-results\error-handling-Error-Handl-4a903-rowser-back-button-handling-error-handling\trace.zip

    ────────────────────────────────────────────────────────────────────────────────────────────────

    Retry #1 ───────────────────────────────────────────────────────────────────────────────────────

    Error: page.evaluate: ReferenceError: TEST_EMAIL is not defined
        at eval (eval at evaluate (:290:30), <anonymous>:3:42)
        at UtilityScript.evaluate (<anonymous>:292:16)
        at UtilityScript.<anonymous> (<anonymous>:1:44)
        at eval (eval at evaluate (:290:30), <anonymous>:3:42)
        at UtilityScript.evaluate (<anonymous>:292:16)
        at UtilityScript.<anonymous> (<anonymous>:1:44)
        at C:\Users\Administrator\Desktop\main jobhuntin\jobhuntin-e2e-tests\src\tests\error-handling.spec.ts:299:16

    Tearing down "context" exceeded the test timeout of 120000ms.

    Error: apiRequestContext._wrapApiCall: Test ended.

    attachment #1: screenshot (image/png) ──────────────────────────────────────────────────────────
    ..\..\test-results\error-handling-Error-Handl-4a903-rowser-back-button-handling-error-handling-retry1\test-failed-1.png
    ────────────────────────────────────────────────────────────────────────────────────────────────

    Error Context: ..\..\test-results\error-handling-Error-Handl-4a903-rowser-back-button-handling-error-handling-retry1\error-context.md

    attachment #3: trace (application/zip) ─────────────────────────────────────────────────────────
    ..\..\test-results\error-handling-Error-Handl-4a903-rowser-back-button-handling-error-handling-retry1\trace.zip
    Usage:

        npx playwright show-trace ..\..\test-results\error-handling-Error-Handl-4a903-rowser-back-button-handling-error-handling-retry1\trace.zip

    ────────────────────────────────────────────────────────────────────────────────────────────────

    Retry #2 ───────────────────────────────────────────────────────────────────────────────────────

    Error: page.evaluate: ReferenceError: TEST_EMAIL is not defined
        at eval (eval at evaluate (:290:30), <anonymous>:3:42)
        at UtilityScript.evaluate (<anonymous>:292:16)
        at UtilityScript.<anonymous> (<anonymous>:1:44)
        at eval (eval at evaluate (:290:30), <anonymous>:3:42)
        at UtilityScript.evaluate (<anonymous>:292:16)
        at UtilityScript.<anonymous> (<anonymous>:1:44)
        at C:\Users\Administrator\Desktop\main jobhuntin\jobhuntin-e2e-tests\src\tests\error-handling.spec.ts:299:16

    Tearing down "context" exceeded the test timeout of 120000ms.

    Error: apiRequestContext._wrapApiCall: Test ended.

    Error Context: ..\..\test-results\error-handling-Error-Handl-4a903-rowser-back-button-handling-error-handling-retry2\error-context.md

    attachment #2: trace (application/zip) ─────────────────────────────────────────────────────────
    ..\..\test-results\error-handling-Error-Handl-4a903-rowser-back-button-handling-error-handling-retry2\trace.zip
    Usage:

        npx playwright show-trace ..\..\test-results\error-handling-Error-Handl-4a903-rowser-back-button-handling-error-handling-retry2\trace.zip

    ────────────────────────────────────────────────────────────────────────────────────────────────
]]>
</failure>
<system-out>
<![CDATA[⬅️ Testing browser back button handling...
⚠️ Back button navigation issue

[[ATTACHMENT|..\test-results\error-handling-Error-Handl-4a903-rowser-back-button-handling-error-handling\trace.zip]]
⬅️ Testing browser back button handling...
⚠️ Back button navigation issue

[[ATTACHMENT|..\test-results\error-handling-Error-Handl-4a903-rowser-back-button-handling-error-handling-retry1\test-failed-1.png]]

[[ATTACHMENT|..\test-results\error-handling-Error-Handl-4a903-rowser-back-button-handling-error-handling-retry1\error-context.md]]

[[ATTACHMENT|..\test-results\error-handling-Error-Handl-4a903-rowser-back-button-handling-error-handling-retry1\trace.zip]]
⬅️ Testing browser back button handling...
⚠️ Back button navigation issue

[[ATTACHMENT|..\test-results\error-handling-Error-Handl-4a903-rowser-back-button-handling-error-handling-retry2\error-context.md]]

[[ATTACHMENT|..\test-results\error-handling-Error-Handl-4a903-rowser-back-button-handling-error-handling-retry2\trace.zip]]
]]>
</system-out>
</testcase>
<testcase name="Error Handling &amp; Edge Cases › memory leak detection" classname="error-handling.spec.ts" time="265.294">
<failure message="error-handling.spec.ts:323:3 memory leak detection" type="FAILURE">
<![CDATA[  [error-handling] › error-handling.spec.ts:323:3 › Error Handling & Edge Cases › memory leak detection 

    TimeoutError: locator.fill: Timeout 20000ms exceeded.
    Call log:
      - waiting for locator('input[type="email"], input[placeholder*="email"]').first()


      337 |       
      338 |       const emailInput = page.locator('input[type="email"], input[placeholder*="email"]').first();
    > 339 |       await emailInput.fill(`test-${i}@jobhuntin.com`);
          |                        ^
      340 |       
      341 |       await page.goBack();
      342 |       await page.waitForTimeout(500);
        at C:\Users\Administrator\Desktop\main jobhuntin\jobhuntin-e2e-tests\src\tests\error-handling.spec.ts:339:24

    Tearing down "context" exceeded the test timeout of 120000ms.

    attachment #1: screenshot (image/png) ──────────────────────────────────────────────────────────
    ..\..\test-results\error-handling-Error-Handl-ff8f4-Cases-memory-leak-detection-error-handling\test-failed-1.png
    ────────────────────────────────────────────────────────────────────────────────────────────────

    Error Context: ..\..\test-results\error-handling-Error-Handl-ff8f4-Cases-memory-leak-detection-error-handling\error-context.md

    attachment #3: trace (application/zip) ─────────────────────────────────────────────────────────
    ..\..\test-results\error-handling-Error-Handl-ff8f4-Cases-memory-leak-detection-error-handling\trace.zip
    Usage:

        npx playwright show-trace ..\..\test-results\error-handling-Error-Handl-ff8f4-Cases-memory-leak-detection-error-handling\trace.zip

    ────────────────────────────────────────────────────────────────────────────────────────────────

    Retry #1 ───────────────────────────────────────────────────────────────────────────────────────

    TimeoutError: locator.fill: Timeout 20000ms exceeded.
    Call log:
      - waiting for locator('input[type="email"], input[placeholder*="email"]').first()


      337 |       
      338 |       const emailInput = page.locator('input[type="email"], input[placeholder*="email"]').first();
    > 339 |       await emailInput.fill(`test-${i}@jobhuntin.com`);
          |                        ^
      340 |       
      341 |       await page.goBack();
      342 |       await page.waitForTimeout(500);
        at C:\Users\Administrator\Desktop\main jobhuntin\jobhuntin-e2e-tests\src\tests\error-handling.spec.ts:339:24

    attachment #1: screenshot (image/png) ──────────────────────────────────────────────────────────
    ..\..\test-results\error-handling-Error-Handl-ff8f4-Cases-memory-leak-detection-error-handling-retry1\test-failed-1.png
    ────────────────────────────────────────────────────────────────────────────────────────────────

    attachment #2: video (video/webm) ──────────────────────────────────────────────────────────────
    ..\..\test-results\error-handling-Error-Handl-ff8f4-Cases-memory-leak-detection-error-handling-retry1\video.webm
    ────────────────────────────────────────────────────────────────────────────────────────────────

    Error Context: ..\..\test-results\error-handling-Error-Handl-ff8f4-Cases-memory-leak-detection-error-handling-retry1\error-context.md

    attachment #4: trace (application/zip) ─────────────────────────────────────────────────────────
    ..\..\test-results\error-handling-Error-Handl-ff8f4-Cases-memory-leak-detection-error-handling-retry1\trace.zip
    Usage:

        npx playwright show-trace ..\..\test-results\error-handling-Error-Handl-ff8f4-Cases-memory-leak-detection-error-handling-retry1\trace.zip

    ────────────────────────────────────────────────────────────────────────────────────────────────

    Retry #2 ───────────────────────────────────────────────────────────────────────────────────────

    TimeoutError: locator.fill: Timeout 20000ms exceeded.
    Call log:
      - waiting for locator('input[type="email"], input[placeholder*="email"]').first()


      337 |       
      338 |       const emailInput = page.locator('input[type="email"], input[placeholder*="email"]').first();
    > 339 |       await emailInput.fill(`test-${i}@jobhuntin.com`);
          |                        ^
      340 |       
      341 |       await page.goBack();
      342 |       await page.waitForTimeout(500);
        at C:\Users\Administrator\Desktop\main jobhuntin\jobhuntin-e2e-tests\src\tests\error-handling.spec.ts:339:24

    attachment #1: screenshot (image/png) ──────────────────────────────────────────────────────────
    ..\..\test-results\error-handling-Error-Handl-ff8f4-Cases-memory-leak-detection-error-handling-retry2\test-failed-1.png
    ────────────────────────────────────────────────────────────────────────────────────────────────

    attachment #2: video (video/webm) ──────────────────────────────────────────────────────────────
    ..\..\test-results\error-handling-Error-Handl-ff8f4-Cases-memory-leak-detection-error-handling-retry2\video.webm
    ────────────────────────────────────────────────────────────────────────────────────────────────

    Error Context: ..\..\test-results\error-handling-Error-Handl-ff8f4-Cases-memory-leak-detection-error-handling-retry2\error-context.md

    attachment #4: trace (application/zip) ─────────────────────────────────────────────────────────
    ..\..\test-results\error-handling-Error-Handl-ff8f4-Cases-memory-leak-detection-error-handling-retry2\trace.zip
    Usage:

        npx playwright show-trace ..\..\test-results\error-handling-Error-Handl-ff8f4-Cases-memory-leak-detection-error-handling-retry2\trace.zip

    ────────────────────────────────────────────────────────────────────────────────────────────────
]]>
</failure>
<system-out>
<![CDATA[🧠 Testing for memory leaks...
📊 Initial memory usage: 10000000 bytes

[[ATTACHMENT|..\test-results\error-handling-Error-Handl-ff8f4-Cases-memory-leak-detection-error-handling\test-failed-1.png]]

[[ATTACHMENT|..\test-results\error-handling-Error-Handl-ff8f4-Cases-memory-leak-detection-error-handling\error-context.md]]

[[ATTACHMENT|..\test-results\error-handling-Error-Handl-ff8f4-Cases-memory-leak-detection-error-handling\trace.zip]]
🧠 Testing for memory leaks...
📊 Initial memory usage: 10000000 bytes

[[ATTACHMENT|..\test-results\error-handling-Error-Handl-ff8f4-Cases-memory-leak-detection-error-handling-retry1\test-failed-1.png]]

[[ATTACHMENT|..\test-results\error-handling-Error-Handl-ff8f4-Cases-memory-leak-detection-error-handling-retry1\video.webm]]

[[ATTACHMENT|..\test-results\error-handling-Error-Handl-ff8f4-Cases-memory-leak-detection-error-handling-retry1\error-context.md]]

[[ATTACHMENT|..\test-results\error-handling-Error-Handl-ff8f4-Cases-memory-leak-detection-error-handling-retry1\trace.zip]]
🧠 Testing for memory leaks...
📊 Initial memory usage: 10000000 bytes

[[ATTACHMENT|..\test-results\error-handling-Error-Handl-ff8f4-Cases-memory-leak-detection-error-handling-retry2\test-failed-1.png]]

[[ATTACHMENT|..\test-results\error-handling-Error-Handl-ff8f4-Cases-memory-leak-detection-error-handling-retry2\video.webm]]

[[ATTACHMENT|..\test-results\error-handling-Error-Handl-ff8f4-Cases-memory-leak-detection-error-handling-retry2\error-context.md]]

[[ATTACHMENT|..\test-results\error-handling-Error-Handl-ff8f4-Cases-memory-leak-detection-error-handling-retry2\trace.zip]]
]]>
</system-out>
</testcase>
<testcase name="Error Handling &amp; Edge Cases › resource loading failure handling" classname="error-handling.spec.ts" time="13.304">
<system-out>
<![CDATA[🚫 Testing resource loading failure handling...
⚠️ Page broken without CSS
✅ Fallback content shown without JavaScript
]]>
</system-out>
</testcase>
</testsuite>
<testsuite name="performance-accessibility.spec.ts" timestamp="2026-03-06T01:12:39.003Z" hostname="performance-accessibility" tests="6" failures="0" skipped="0" time="254.957" errors="0">
<testcase name="Performance &amp; Accessibility Validation › Core Web Vitals performance testing" classname="performance-accessibility.spec.ts" time="19.634">
<system-out>
<![CDATA[⚡ Testing Core Web Vitals performance...
📊 Core Web Vitals: { LCP: [33m0[39m, FID: [33m0[39m, CLS: [33m0[39m, TTFB: [33m0[39m, FCP: [33m0[39m }
✅ LCP: 0ms (threshold: 2500ms)
✅ FID: 0ms (threshold: 100ms)
✅ CLS: 0ms (threshold: 0.1ms)
✅ TTFB: 0ms (threshold: 600ms)
✅ FCP: 0ms (threshold: 1800ms)
]]>
</system-out>
</testcase>
<testcase name="Performance &amp; Accessibility Validation › page load performance analysis" classname="performance-accessibility.spec.ts" time="42.112">
<system-out>
<![CDATA[📈 Analyzing page load performance...
📊 Load Performance Analysis: {
  dnsLookup: [33m7.600000023841858[39m,
  tcpConnection: [33m16.399999976158142[39m,
  sslNegotiation: [33m14.399999976158142[39m,
  serverResponse: [33m1.1999999284744263[39m,
  domProcessing: [33m973.2000000476837[39m,
  pageLoad: [33m6.299999952316284[39m,
  totalLoadTime: [33m1042.7999999523163[39m,
  totalResources: [33m17[39m,
  totalResourceSize: [33m232648[39m,
  resourceBreakdown: { scripts: [33m8[39m, styles: [33m1[39m, images: [33m0[39m, fonts: [33m0[39m }
}
✅ Performance looks good!
]]>
</system-out>
</testcase>
<testcase name="Performance &amp; Accessibility Validation › accessibility compliance testing" classname="performance-accessibility.spec.ts" time="32.015">
<system-out>
<![CDATA[♿ Testing accessibility compliance...
📊 Accessibility Scan Results:
   - Violations: 2
   - Incomplete: 1
   - Passes: 40
❌ Accessibility Violations:
   1. Ensure the contrast between foreground and background colors meets WCAG 2 AA minimum contrast ratio thresholds (serious)
      - Elements must meet minimum color contrast ratio thresholds
      - Target 1: .text-gray-400
      - Target 2: .underline
   2. Ensure the order of headings is semantically correct (moderate)
      - Heading levels should only increase by one
      - Target 1: div:nth-child(2) > h3
⌨️ Testing keyboard navigation...
📊 Keyboard Navigation Results: {
  focusableElements: [33m70[39m,
  skipLinks: [33m1[39m,
  headingStructure: [33mfalse[39m,
  landmarkElements: [33m3[39m,
  tabOrder: []
}
✅ Found focusable elements for keyboard navigation
✅ Skip links found for accessibility
❌ Improper heading structure
✅ Landmark elements found
]]>
</system-out>
</testcase>
<testcase name="Performance &amp; Accessibility Validation › color contrast and visual accessibility" classname="performance-accessibility.spec.ts" time="47.364">
<system-out>
<![CDATA[🎨 Testing color contrast and visual accessibility...
📊 Color Contrast Results:
   - Text elements analyzed: 120
   - Sufficient contrast: 5
   - Low contrast: 8
❌ Color Contrast Issues:
]]>
</system-out>
</testcase>
<testcase name="Performance &amp; Accessibility Validation › mobile performance optimization" classname="performance-accessibility.spec.ts" time="71.006">
<system-out>
<![CDATA[📱 Testing mobile performance optimization...
📱 Mobile load time (3G): 18002ms
📊 Mobile Optimization Results: {
  hasViewportMeta: [33mtrue[39m,
  hasTouchOptimized: [33mtrue[39m,
  imageOptimization: { responsiveImages: [33m0[39m, lazyLoadedImages: [33m0[39m, oversizedImages: [33m0[39m },
  performanceOptimization: { minifiedResources: [33m0[39m, compressedResources: [33m0[39m }
}
✅ Viewport meta tag found
✅ Touch-optimized viewport
⚠️ Mobile performance needs optimization
]]>
</system-out>
</testcase>
<testcase name="Performance &amp; Accessibility Validation › screen reader compatibility" classname="performance-accessibility.spec.ts" time="42.826">
<system-out>
<![CDATA[🔊 Testing screen reader compatibility...
📊 Screen Reader Compatibility Results: {
  hasLangAttribute: [33mtrue[39m,
  hasTitle: [33mtrue[39m,
  hasAltText: [33m0[39m,
  missingAltText: [33m0[39m,
  hasAriaLabels: [33m13[39m,
  hasRoles: [33m2[39m,
  hasFormLabels: [33m0[39m,
  issues: []
}
✅ Language attribute found
✅ Page title found
✅ All images have alt text
✅ Found 13 ARIA labels
✅ Screen reader compatibility looks good!
]]>
</system-out>
</testcase>
</testsuite>
</testsuites>